(0000) 3000  0011000000000000 (   2)                 .ORIG x3000
(3000) 2C0D  0010110000001101 (   4)                 LD    R6 STACKPOINTER
(3001) 200D  0010000000001101 (   5)                 LD    R0 ISRIDENTIFY
(3002) B00D  1011000000001101 (   6)                 STI   R0 INTERRUPTVECTOR
(3003) 200D  0010000000001101 (   7)                 LD    R0 INTERRUPTENABLE
(3004) B00D  1011000000001101 (   8)                 STI   R0 KBSR
(3005) E00D  1110000000001101 (  10) NEWLINE         LEA   R0 WAITING
(3006) F022  1111000000100010 (  11)                 TRAP  x22
(3007) 2026  0010000000100110 (  12)                 LD    R0 ASCIIENTER
(3008) F021  1111000000100001 (  13)                 TRAP  x21
(3009) 2223  0010001000100011 (  15)                 LD    R1 DELAY
(300A) 127F  0001001001111111 (  16) DELAYAGAIN      ADD   R1 R1 #-1
(300B) 09FE  0000100111111110 (  17)                 BRN   DELAYAGAIN
(300C) 0FF8  0000111111111000 (  20)                 BRNZP NEWLINE
(300D) F025  1111000000100101 (  23)                 TRAP  x25
(300E) 3000  0011000000000000 (  26) STACKPOINTER    .FILL x3000
(300F) 1700  0001011100000000 (  27) ISRIDENTIFY     .FILL x1700
(3010) 0180  0000000110000000 (  28) INTERRUPTVECTOR .FILL x0180
(3011) 4000  0100000000000000 (  29) INTERRUPTENABLE .FILL x4000
(3012) FE00  1111111000000000 (  30) KBSR            .FILL xFE00
(3013) 0057  0000000001010111 (  31) WAITING         .FILL x0057
(3014) 0061  0000000001100001 (  31)                 .FILL x0061
(3015) 0069  0000000001101001 (  31)                 .FILL x0069
(3016) 0074  0000000001110100 (  31)                 .FILL x0074
(3017) 0069  0000000001101001 (  31)                 .FILL x0069
(3018) 006E  0000000001101110 (  31)                 .FILL x006E
(3019) 0067  0000000001100111 (  31)                 .FILL x0067
(301A) 0020  0000000000100000 (  31)                 .FILL x0020
(301B) 0066  0000000001100110 (  31)                 .FILL x0066
(301C) 006F  0000000001101111 (  31)                 .FILL x006F
(301D) 0072  0000000001110010 (  31)                 .FILL x0072
(301E) 0020  0000000000100000 (  31)                 .FILL x0020
(301F) 0069  0000000001101001 (  31)                 .FILL x0069
(3020) 006E  0000000001101110 (  31)                 .FILL x006E
(3021) 0074  0000000001110100 (  31)                 .FILL x0074
(3022) 0065  0000000001100101 (  31)                 .FILL x0065
(3023) 0072  0000000001110010 (  31)                 .FILL x0072
(3024) 0072  0000000001110010 (  31)                 .FILL x0072
(3025) 0075  0000000001110101 (  31)                 .FILL x0075
(3026) 0070  0000000001110000 (  31)                 .FILL x0070
(3027) 0074  0000000001110100 (  31)                 .FILL x0074
(3028) 0020  0000000000100000 (  31)                 .FILL x0020
(3029) 002E  0000000000101110 (  31)                 .FILL x002E
(302A) 002E  0000000000101110 (  31)                 .FILL x002E
(302B) 002E  0000000000101110 (  31)                 .FILL x002E
(302C) 0000  0000000000000000 (  31)                 .FILL x0000
(302D) FFFF  1111111111111111 (  32) DELAY           .FILL xFFFF
(302E) 000A  0000000000001010 (  33) ASCIIENTER      .FILL x000A
